<?xml version="1.0" encoding="UTF-8"?>
<testng-results ignored="0" total="3" passed="3" failed="0" skipped="0">
  <reporter-output>
  </reporter-output>
  <suite started-at="2025-10-29T16:12:00 IST" name="Surefire suite" finished-at="2025-10-29T16:14:11 IST" duration-ms="130341">
    <groups>
      <group name="cucumber">
        <method signature="AbstractTestNGCucumberTests.runScenario(io.cucumber.testng.PickleWrapper,io.cucumber.testng.FeatureWrapper)[pri:0, instance:testRunner.TestRunner$Testrunner@703580bf]" name="runScenario" class="io.cucumber.testng.AbstractTestNGCucumberTests"/>
      </group> <!-- cucumber -->
    </groups>
    <test started-at="2025-10-29T16:12:00 IST" name="Surefire test" finished-at="2025-10-29T16:14:11 IST" duration-ms="130341">
      <class name="testRunner.TestRunner$Testrunner">
        <test-method is-config="true" signature="setUpClass(org.testng.ITestContext)[pri:0, instance:testRunner.TestRunner$Testrunner@703580bf]" started-at="2025-10-29T16:12:00 IST" name="setUpClass" finished-at="2025-10-29T16:12:00 IST" duration-ms="216" status="PASS">
          <params>
            <param index="0">
              <value>
                <![CDATA[org.testng.TestRunner@399ca607]]>
              </value>
            </param>
          </params>
          <reporter-output>
          </reporter-output>
        </test-method> <!-- setUpClass -->
        <test-method signature="runScenario(io.cucumber.testng.PickleWrapper,io.cucumber.testng.FeatureWrapper)[pri:0, instance:testRunner.TestRunner$Testrunner@703580bf]" started-at="2025-10-29T16:12:00 IST" name="runScenario" description="Runs Cucumber Scenarios" data-provider="scenarios" finished-at="2025-10-29T16:12:55 IST" duration-ms="54661" status="PASS">
          <params>
            <param index="0">
              <value>
                <![CDATA["User should login sucessfully with Valid credentials"]]>
              </value>
            </param>
            <param index="1">
              <value>
                <![CDATA["User login page"]]>
              </value>
            </param>
          </params>
          <reporter-output>
          </reporter-output>
        </test-method> <!-- runScenario -->
        <test-method signature="runScenario(io.cucumber.testng.PickleWrapper,io.cucumber.testng.FeatureWrapper)[pri:0, instance:testRunner.TestRunner$Testrunner@703580bf]" started-at="2025-10-29T16:12:55 IST" name="runScenario" description="Runs Cucumber Scenarios" data-provider="scenarios" finished-at="2025-10-29T16:13:48 IST" duration-ms="52408" status="PASS">
          <params>
            <param index="0">
              <value>
                <![CDATA["User should login sucessfully with Valid credentials"]]>
              </value>
            </param>
            <param index="1">
              <value>
                <![CDATA["User login page"]]>
              </value>
            </param>
          </params>
          <reporter-output>
          </reporter-output>
        </test-method> <!-- runScenario -->
        <test-method signature="runScenario(io.cucumber.testng.PickleWrapper,io.cucumber.testng.FeatureWrapper)[pri:0, instance:testRunner.TestRunner$Testrunner@703580bf]" started-at="2025-10-29T16:13:48 IST" name="runScenario" description="Runs Cucumber Scenarios" data-provider="scenarios" finished-at="2025-10-29T16:14:11 IST" duration-ms="23012" status="PASS">
          <params>
            <param index="0">
              <value>
                <![CDATA["User should login sucessfully with Valid credentials"]]>
              </value>
            </param>
            <param index="1">
              <value>
                <![CDATA["User login page"]]>
              </value>
            </param>
          </params>
          <reporter-output>
          </reporter-output>
        </test-method> <!-- runScenario -->
        <test-method is-config="true" signature="tearDownClass()[pri:0, instance:testRunner.TestRunner$Testrunner@703580bf]" started-at="2025-10-29T16:14:11 IST" name="tearDownClass" finished-at="2025-10-29T16:14:11 IST" duration-ms="29" status="PASS">
          <reporter-output>
          </reporter-output>
        </test-method> <!-- tearDownClass -->
      </class> <!-- testRunner.TestRunner$Testrunner -->
    </test> <!-- Surefire test -->
  </suite> <!-- Surefire suite -->
</testng-results>
