<?xml version="1.0" encoding="UTF-8"?>
<!-- Generated by org.testng.reporters.JUnitReportReporter -->
<testsuite hostname="MacBook-Pro.local" failures="0" tests="3" name="testRunner.TestRunner$Testrunner" time="75.833" errors="0" timestamp="2025-12-04T22:56:11 IST" skipped="0">
  <testcase classname="testRunner.TestRunner$Testrunner" name="runScenario" time="24.040"/>
  <testcase classname="testRunner.TestRunner$Testrunner" name="runScenario" time="27.378"/>
  <testcase classname="testRunner.TestRunner$Testrunner" name="runScenario" time="24.415"/>
</testsuite> <!-- testRunner.TestRunner$Testrunner -->
