<?xml version="1.0" encoding="UTF-8"?>
<!-- Generated by org.testng.reporters.JUnitReportReporter -->
<testsuite hostname="MacBook-Pro.local" failures="0" tests="3" name="testRunner.TestRunner$Testrunner" time="130.081" errors="0" timestamp="2025-10-29T16:14:11 IST" skipped="0">
  <testcase classname="testRunner.TestRunner$Testrunner" name="runScenario" time="54.661"/>
  <testcase classname="testRunner.TestRunner$Testrunner" name="runScenario" time="52.408"/>
  <testcase classname="testRunner.TestRunner$Testrunner" name="runScenario" time="23.012"/>
</testsuite> <!-- testRunner.TestRunner$Testrunner -->
